# JRE version: Java(TM) SE Runtime Environment (8.0_171-b11) (build 1.8.0_171-b11)
# Java VM: Java HotSpot(TM) 64-Bit Server VM (25.171-b11 mixed mode windows-amd64 compressed oops)
Heap:
 PSYoungGen      total 65536K, used 16655K [0x00000000d6b80000, 0x00000000ddd80000, 0x0000000100000000)
  eden space 60416K, 19% used [0x00000000d6b80000,0x00000000d76c43f8,0x00000000da680000)
  from space 5120K, 99% used [0x00000000dae80000,0x00000000db37fac8,0x00000000db380000)
  to   space 8192K, 0% used [0x00000000da680000,0x00000000da680000,0x00000000dae80000)
 ParOldGen       total 51712K, used 5889K [0x0000000084200000, 0x0000000087480000, 0x00000000d6b80000)
  object space 51712K, 11% used [0x0000000084200000,0x00000000847c0670,0x0000000087480000)
 Metaspace       used 24142K, capacity 25992K, committed 26160K, reserved 1071104K
  class space    used 3162K, capacity 3506K, committed 3632K, reserved 1048576K
GC Heap History (10 events):
Event: 1.807 GC heap before
{Heap before GC invocations=3 (full 0):
 PSYoungGen      total 36864K, used 36855K [0x00000000d6b80000, 0x00000000db380000, 0x0000000100000000)
  eden space 31744K, 100% used [0x00000000d6b80000,0x00000000d8a80000,0x00000000d8a80000)
  from space 5120K, 99% used [0x00000000d8f80000,0x00000000d947df10,0x00000000d9480000)
  to   space 5120K, 0% used [0x00000000d8a80000,0x00000000d8a80000,0x00000000d8f80000)
 ParOldGen       total 84992K, used 332K [0x0000000084200000, 0x0000000089500000, 0x00000000d6b80000)
  object space 84992K, 0% used [0x0000000084200000,0x0000000084253138,0x0000000089500000)
 Metaspace       used 15554K, capacity 16870K, committed 17152K, reserved 1064960K
  class space    used 2021K, capacity 2277K, committed 2304K, reserved 1048576K
Event: 1.814 GC heap after
Heap after GC invocations=3 (full 0):
 PSYoungGen      total 36864K, used 5097K [0x00000000d6b80000, 0x00000000db380000, 0x0000000100000000)
  eden space 31744K, 0% used [0x00000000d6b80000,0x00000000d6b80000,0x00000000d8a80000)
  from space 5120K, 99% used [0x00000000d8a80000,0x00000000d8f7a5c0,0x00000000d8f80000)
  to   space 5120K, 0% used [0x00000000dae80000,0x00000000dae80000,0x00000000db380000)
 ParOldGen       total 84992K, used 1426K [0x0000000084200000, 0x0000000089500000, 0x00000000d6b80000)
  object space 84992K, 1% used [0x0000000084200000,0x00000000843648f8,0x0000000089500000)
 Metaspace       used 15554K, capacity 16870K, committed 17152K, reserved 1064960K
  class space    used 2021K, capacity 2277K, committed 2304K, reserved 1048576K
}
Event: 2.309 GC heap before
{Heap before GC invocations=4 (full 0):
 PSYoungGen      total 36864K, used 36823K [0x00000000d6b80000, 0x00000000db380000, 0x0000000100000000)
  eden space 31744K, 99% used [0x00000000d6b80000,0x00000000d8a7b718,0x00000000d8a80000)
  from space 5120K, 99% used [0x00000000d8a80000,0x00000000d8f7a5c0,0x00000000d8f80000)
  to   space 5120K, 0% used [0x00000000dae80000,0x00000000dae80000,0x00000000db380000)
 ParOldGen       total 84992K, used 1426K [0x0000000084200000, 0x0000000089500000, 0x00000000d6b80000)
  object space 84992K, 1% used [0x0000000084200000,0x00000000843648f8,0x0000000089500000)
 Metaspace       used 19296K, capacity 20762K, committed 20992K, reserved 1067008K
  class space    used 2483K, capacity 2759K, committed 2816K, reserved 1048576K
Event: 2.319 GC heap after
Heap after GC invocations=4 (full 0):
 PSYoungGen      total 68608K, used 5102K [0x00000000d6b80000, 0x00000000db380000, 0x0000000100000000)
  eden space 63488K, 0% used [0x00000000d6b80000,0x00000000d6b80000,0x00000000da980000)
  from space 5120K, 99% used [0x00000000dae80000,0x00000000db37b9c8,0x00000000db380000)
  to   space 5120K, 0% used [0x00000000da980000,0x00000000da980000,0x00000000dae80000)
 ParOldGen       total 84992K, used 4180K [0x0000000084200000, 0x0000000089500000, 0x00000000d6b80000)
  object space 84992K, 4% used [0x0000000084200000,0x0000000084615178,0x0000000089500000)
 Metaspace       used 19296K, capacity 20762K, committed 20992K, reserved 1067008K
  class space    used 2483K, capacity 2759K, committed 2816K, reserved 1048576K
}
Event: 2.373 GC heap before
{Heap before GC invocations=5 (full 0):
 PSYoungGen      total 68608K, used 10672K [0x00000000d6b80000, 0x00000000db380000, 0x0000000100000000)
  eden space 63488K, 8% used [0x00000000d6b80000,0x00000000d70f0a10,0x00000000da980000)
  from space 5120K, 99% used [0x00000000dae80000,0x00000000db37b9c8,0x00000000db380000)
  to   space 5120K, 0% used [0x00000000da980000,0x00000000da980000,0x00000000dae80000)
 ParOldGen       total 84992K, used 4180K [0x0000000084200000, 0x0000000089500000, 0x00000000d6b80000)
  object space 84992K, 4% used [0x0000000084200000,0x0000000084615178,0x0000000089500000)
 Metaspace       used 19823K, capacity 21264K, committed 21296K, reserved 1067008K
  class space    used 2558K, capacity 2834K, committed 2864K, reserved 1048576K
Event: 2.379 GC heap after
Heap after GC invocations=5 (full 0):
 PSYoungGen      total 68608K, used 5117K [0x00000000d6b80000, 0x00000000db380000, 0x0000000100000000)
  eden space 63488K, 0% used [0x00000000d6b80000,0x00000000d6b80000,0x00000000da980000)
  from space 5120K, 99% used [0x00000000da980000,0x00000000dae7f458,0x00000000dae80000)
  to   space 5120K, 0% used [0x00000000dae80000,0x00000000dae80000,0x00000000db380000)
 ParOldGen       total 84992K, used 4552K [0x0000000084200000, 0x0000000089500000, 0x00000000d6b80000)
  object space 84992K, 5% used [0x0000000084200000,0x00000000846720b8,0x0000000089500000)
 Metaspace       used 19823K, capacity 21264K, committed 21296K, reserved 1067008K
  class space    used 2558K, capacity 2834K, committed 2864K, reserved 1048576K
}
Event: 2.379 GC heap before
{Heap before GC invocations=6 (full 1):
 PSYoungGen      total 68608K, used 5117K [0x00000000d6b80000, 0x00000000db380000, 0x0000000100000000)
  eden space 63488K, 0% used [0x00000000d6b80000,0x00000000d6b80000,0x00000000da980000)
  from space 5120K, 99% used [0x00000000da980000,0x00000000dae7f458,0x00000000dae80000)
  to   space 5120K, 0% used [0x00000000dae80000,0x00000000dae80000,0x00000000db380000)
 ParOldGen       total 84992K, used 4552K [0x0000000084200000, 0x0000000089500000, 0x00000000d6b80000)
  object space 84992K, 5% used [0x0000000084200000,0x00000000846720b8,0x0000000089500000)
 Metaspace       used 19823K, capacity 21264K, committed 21296K, reserved 1067008K
  class space    used 2558K, capacity 2834K, committed 2864K, reserved 1048576K
Event: 2.424 GC heap after
Heap after GC invocations=6 (full 1):
 PSYoungGen      total 68608K, used 0K [0x00000000d6b80000, 0x00000000db380000, 0x0000000100000000)
  eden space 63488K, 0% used [0x00000000d6b80000,0x00000000d6b80000,0x00000000da980000)
  from space 5120K, 0% used [0x00000000da980000,0x00000000da980000,0x00000000dae80000)
  to   space 5120K, 0% used [0x00000000dae80000,0x00000000dae80000,0x00000000db380000)
 ParOldGen       total 51712K, used 5314K [0x0000000084200000, 0x0000000087480000, 0x00000000d6b80000)
  object space 51712K, 10% used [0x0000000084200000,0x0000000084730838,0x0000000087480000)
 Metaspace       used 19823K, capacity 21264K, committed 21296K, reserved 1067008K
  class space    used 2558K, capacity 2834K, committed 2864K, reserved 1048576K
}
Event: 3.064 GC heap before
{Heap before GC invocations=7 (full 1):
 PSYoungGen      total 68608K, used 63488K [0x00000000d6b80000, 0x00000000db380000, 0x0000000100000000)
  eden space 63488K, 100% used [0x00000000d6b80000,0x00000000da980000,0x00000000da980000)
  from space 5120K, 0% used [0x00000000da980000,0x00000000da980000,0x00000000dae80000)
  to   space 5120K, 0% used [0x00000000dae80000,0x00000000dae80000,0x00000000db380000)
 ParOldGen       total 51712K, used 5314K [0x0000000084200000, 0x0000000087480000, 0x00000000d6b80000)
  object space 51712K, 10% used [0x0000000084200000,0x0000000084730838,0x0000000087480000)
 Metaspace       used 23302K, capacity 24990K, committed 25264K, reserved 1071104K
  class space    used 3054K, capacity 3383K, committed 3504K, reserved 1048576K
Event: 3.068 GC heap after
Heap after GC invocations=7 (full 1):
 PSYoungGen      total 65536K, used 5118K [0x00000000d6b80000, 0x00000000ddd80000, 0x0000000100000000)
  eden space 60416K, 0% used [0x00000000d6b80000,0x00000000d6b80000,0x00000000da680000)
  from space 5120K, 99% used [0x00000000dae80000,0x00000000db37fac8,0x00000000db380000)
  to   space 8192K, 0% used [0x00000000da680000,0x00000000da680000,0x00000000dae80000)
 ParOldGen       total 51712K, used 5889K [0x0000000084200000, 0x0000000087480000, 0x00000000d6b80000)
  object space 51712K, 11% used [0x0000000084200000,0x00000000847c0670,0x0000000087480000)
 Metaspace       used 23302K, capacity 24990K, committed 25264K, reserved 1071104K
  class space    used 3054K, capacity 3383K, committed 3504K, reserved 1048576K
}

